Analysis & Synthesis report for project2
Thu Jun 07 19:18:15 2018
Quartus II 64-Bit Version 13.0.0 Build 156 04/24/2013 SJ Full Version


---------------------
; Table of Contents ;
---------------------
  1. Legal Notice
  2. Analysis & Synthesis Summary
  3. Analysis & Synthesis Settings
  4. Parallel Compilation
  5. Analysis & Synthesis Source Files Read
  6. Analysis & Synthesis Resource Usage Summary
  7. Analysis & Synthesis Resource Utilization by Entity
  8. User-Specified and Inferred Latches
  9. General Register Statistics
 10. Inverted Register Statistics
 11. Multiplexer Restructuring Statistics (Restructuring Performed)
 12. Parameter Settings for User Entity Instance: Top-level Entity: |Move
 13. Elapsed Time Per Partition
 14. Analysis & Synthesis Messages
 15. Analysis & Synthesis Suppressed Messages



----------------
; Legal Notice ;
----------------
Copyright (C) 1991-2013 Altera Corporation
Your use of Altera Corporation's design tools, logic functions 
and other software and tools, and its AMPP partner logic 
functions, and any output files from any of the foregoing 
(including device programming or simulation files), and any 
associated documentation or information are expressly subject 
to the terms and conditions of the Altera Program License 
Subscription Agreement, Altera MegaCore Function License 
Agreement, or other applicable license agreement, including, 
without limitation, that your use is for the sole purpose of 
programming logic devices manufactured by Altera and sold by 
Altera or its authorized distributors.  Please refer to the 
applicable agreement for further details.



+----------------------------------------------------------------------------------+
; Analysis & Synthesis Summary                                                     ;
+------------------------------------+---------------------------------------------+
; Analysis & Synthesis Status        ; Successful - Thu Jun 07 19:18:15 2018       ;
; Quartus II 64-Bit Version          ; 13.0.0 Build 156 04/24/2013 SJ Full Version ;
; Revision Name                      ; project2                                    ;
; Top-level Entity Name              ; Move                                        ;
; Family                             ; Cyclone II                                  ;
; Total logic elements               ; 244                                         ;
;     Total combinational functions  ; 244                                         ;
;     Dedicated logic registers      ; 85                                          ;
; Total registers                    ; 85                                          ;
; Total pins                         ; 22                                          ;
; Total virtual pins                 ; 0                                           ;
; Total memory bits                  ; 0                                           ;
; Embedded Multiplier 9-bit elements ; 0                                           ;
; Total PLLs                         ; 0                                           ;
+------------------------------------+---------------------------------------------+


+----------------------------------------------------------------------------------------------------------------------+
; Analysis & Synthesis Settings                                                                                        ;
+----------------------------------------------------------------------------+--------------------+--------------------+
; Option                                                                     ; Setting            ; Default Value      ;
+----------------------------------------------------------------------------+--------------------+--------------------+
; Device                                                                     ; EP2C5Q208C8        ;                    ;
; Top-level entity name                                                      ; Move               ; project2           ;
; Family name                                                                ; Cyclone II         ; Cyclone IV GX      ;
; Use smart compilation                                                      ; Off                ; Off                ;
; Enable parallel Assembler and TimeQuest Timing Analyzer during compilation ; On                 ; On                 ;
; Enable compact report table                                                ; Off                ; Off                ;
; Restructure Multiplexers                                                   ; Auto               ; Auto               ;
; Create Debugging Nodes for IP Cores                                        ; Off                ; Off                ;
; Preserve fewer node names                                                  ; On                 ; On                 ;
; Disable OpenCore Plus hardware evaluation                                  ; Off                ; Off                ;
; Verilog Version                                                            ; Verilog_2001       ; Verilog_2001       ;
; VHDL Version                                                               ; VHDL_1993          ; VHDL_1993          ;
; State Machine Processing                                                   ; Auto               ; Auto               ;
; Safe State Machine                                                         ; Off                ; Off                ;
; Extract Verilog State Machines                                             ; On                 ; On                 ;
; Extract VHDL State Machines                                                ; On                 ; On                 ;
; Ignore Verilog initial constructs                                          ; Off                ; Off                ;
; Iteration limit for constant Verilog loops                                 ; 5000               ; 5000               ;
; Iteration limit for non-constant Verilog loops                             ; 250                ; 250                ;
; Add Pass-Through Logic to Inferred RAMs                                    ; On                 ; On                 ;
; Infer RAMs from Raw Logic                                                  ; On                 ; On                 ;
; Parallel Synthesis                                                         ; On                 ; On                 ;
; DSP Block Balancing                                                        ; Auto               ; Auto               ;
; NOT Gate Push-Back                                                         ; On                 ; On                 ;
; Power-Up Don't Care                                                        ; On                 ; On                 ;
; Remove Redundant Logic Cells                                               ; Off                ; Off                ;
; Remove Duplicate Registers                                                 ; On                 ; On                 ;
; Ignore CARRY Buffers                                                       ; Off                ; Off                ;
; Ignore CASCADE Buffers                                                     ; Off                ; Off                ;
; Ignore GLOBAL Buffers                                                      ; Off                ; Off                ;
; Ignore ROW GLOBAL Buffers                                                  ; Off                ; Off                ;
; Ignore LCELL Buffers                                                       ; Off                ; Off                ;
; Ignore SOFT Buffers                                                        ; On                 ; On                 ;
; Limit AHDL Integers to 32 Bits                                             ; Off                ; Off                ;
; Optimization Technique                                                     ; Balanced           ; Balanced           ;
; Carry Chain Length                                                         ; 70                 ; 70                 ;
; Auto Carry Chains                                                          ; On                 ; On                 ;
; Auto Open-Drain Pins                                                       ; On                 ; On                 ;
; Perform WYSIWYG Primitive Resynthesis                                      ; Off                ; Off                ;
; Auto ROM Replacement                                                       ; On                 ; On                 ;
; Auto RAM Replacement                                                       ; On                 ; On                 ;
; Auto Shift Register Replacement                                            ; Auto               ; Auto               ;
; Allow Shift Register Merging across Hierarchies                            ; Auto               ; Auto               ;
; Auto Clock Enable Replacement                                              ; On                 ; On                 ;
; Strict RAM Replacement                                                     ; Off                ; Off                ;
; Allow Synchronous Control Signals                                          ; On                 ; On                 ;
; Force Use of Synchronous Clear Signals                                     ; Off                ; Off                ;
; Auto RAM to Logic Cell Conversion                                          ; Off                ; Off                ;
; Auto Resource Sharing                                                      ; Off                ; Off                ;
; Allow Any RAM Size For Recognition                                         ; Off                ; Off                ;
; Allow Any ROM Size For Recognition                                         ; Off                ; Off                ;
; Allow Any Shift Register Size For Recognition                              ; Off                ; Off                ;
; Use LogicLock Constraints during Resource Balancing                        ; On                 ; On                 ;
; Ignore translate_off and synthesis_off directives                          ; Off                ; Off                ;
; Timing-Driven Synthesis                                                    ; Off                ; Off                ;
; Report Parameter Settings                                                  ; On                 ; On                 ;
; Report Source Assignments                                                  ; On                 ; On                 ;
; Report Connectivity Checks                                                 ; On                 ; On                 ;
; Ignore Maximum Fan-Out Assignments                                         ; Off                ; Off                ;
; Synchronization Register Chain Length                                      ; 2                  ; 2                  ;
; PowerPlay Power Optimization                                               ; Normal compilation ; Normal compilation ;
; HDL message level                                                          ; Level2             ; Level2             ;
; Suppress Register Optimization Related Messages                            ; Off                ; Off                ;
; Number of Removed Registers Reported in Synthesis Report                   ; 5000               ; 5000               ;
; Number of Swept Nodes Reported in Synthesis Report                         ; 5000               ; 5000               ;
; Number of Inverted Registers Reported in Synthesis Report                  ; 100                ; 100                ;
; Clock MUX Protection                                                       ; On                 ; On                 ;
; Auto Gated Clock Conversion                                                ; Off                ; Off                ;
; Block Design Naming                                                        ; Auto               ; Auto               ;
; SDC constraint protection                                                  ; Off                ; Off                ;
; Synthesis Effort                                                           ; Auto               ; Auto               ;
; Shift Register Replacement - Allow Asynchronous Clear Signal               ; On                 ; On                 ;
; Pre-Mapping Resynthesis Optimization                                       ; Off                ; Off                ;
; Analysis & Synthesis Message Level                                         ; Medium             ; Medium             ;
; Disable Register Merging Across Hierarchies                                ; Auto               ; Auto               ;
; Resource Aware Inference For Block RAM                                     ; On                 ; On                 ;
; Synthesis Seed                                                             ; 1                  ; 1                  ;
+----------------------------------------------------------------------------+--------------------+--------------------+


+------------------------------------------+
; Parallel Compilation                     ;
+----------------------------+-------------+
; Processors                 ; Number      ;
+----------------------------+-------------+
; Number detected on machine ; 4           ;
; Maximum allowed            ; 2           ;
;                            ;             ;
; Average used               ; 1.00        ;
; Maximum used               ; 1           ;
;                            ;             ;
; Usage by Processor         ; % Time Used ;
;     Processor 1            ; 100.0%      ;
;     Processors 2-4         ;   0.0%      ;
+----------------------------+-------------+


+-----------------------------------------------------------------------------------------------------------------------------------+
; Analysis & Synthesis Source Files Read                                                                                            ;
+----------------------------------+-----------------+------------------------+-------------------------------------------+---------+
; File Name with User-Entered Path ; Used in Netlist ; File Type              ; File Name with Absolute Path              ; Library ;
+----------------------------------+-----------------+------------------------+-------------------------------------------+---------+
; mul2.v                           ; yes             ; User Verilog HDL File  ; C:/Users/apple1/Desktop/project2/mul2.v   ;         ;
; minus1.v                         ; yes             ; User Verilog HDL File  ; C:/Users/apple1/Desktop/project2/minus1.v ;         ;
; Move.v                           ; yes             ; User Verilog HDL File  ; C:/Users/apple1/Desktop/project2/Move.v   ;         ;
+----------------------------------+-----------------+------------------------+-------------------------------------------+---------+


+-----------------------------------------------------+
; Analysis & Synthesis Resource Usage Summary         ;
+---------------------------------------------+-------+
; Resource                                    ; Usage ;
+---------------------------------------------+-------+
; Estimated Total logic elements              ; 244   ;
;                                             ;       ;
; Total combinational functions               ; 244   ;
; Logic element usage by number of LUT inputs ;       ;
;     -- 4 input functions                    ; 96    ;
;     -- 3 input functions                    ; 44    ;
;     -- <=2 input functions                  ; 104   ;
;                                             ;       ;
; Logic elements by mode                      ;       ;
;     -- normal mode                          ; 182   ;
;     -- arithmetic mode                      ; 62    ;
;                                             ;       ;
; Total registers                             ; 85    ;
;     -- Dedicated logic registers            ; 85    ;
;     -- I/O registers                        ; 0     ;
;                                             ;       ;
; I/O pins                                    ; 22    ;
; Embedded Multiplier 9-bit elements          ; 0     ;
; Maximum fan-out node                        ; clk   ;
; Maximum fan-out                             ; 85    ;
; Total fan-out                               ; 1020  ;
; Average fan-out                             ; 2.91  ;
+---------------------------------------------+-------+


+-----------------------------------------------------------------------------------------------------------------------------------------------------------------------------+
; Analysis & Synthesis Resource Utilization by Entity                                                                                                                         ;
+----------------------------+-------------------+--------------+-------------+--------------+---------+-----------+------+--------------+---------------------+--------------+
; Compilation Hierarchy Node ; LC Combinationals ; LC Registers ; Memory Bits ; DSP Elements ; DSP 9x9 ; DSP 18x18 ; Pins ; Virtual Pins ; Full Hierarchy Name ; Library Name ;
+----------------------------+-------------------+--------------+-------------+--------------+---------+-----------+------+--------------+---------------------+--------------+
; |Move                      ; 244 (242)         ; 85 (85)      ; 0           ; 0            ; 0       ; 0         ; 22   ; 0            ; |Move               ;              ;
;    |minus1:MINUS1|         ; 1 (1)             ; 0 (0)        ; 0           ; 0            ; 0       ; 0         ; 0    ; 0            ; |Move|minus1:MINUS1 ;              ;
;    |mul2:MUL2|             ; 1 (1)             ; 0 (0)        ; 0           ; 0            ; 0       ; 0         ; 0    ; 0            ; |Move|mul2:MUL2     ;              ;
+----------------------------+-------------------+--------------+-------------+--------------+---------+-----------+------+--------------+---------------------+--------------+
Note: For table entries with two numbers listed, the numbers in parentheses indicate the number of resources of the given type used by the specific entity alone. The numbers listed outside of parentheses indicate the total resources of the given type used by the specific entity and all of its sub-entities in the hierarchy.


+----------------------------------------------------------------------------------------------------+
; User-Specified and Inferred Latches                                                                ;
+-----------------------------------------------------+---------------------+------------------------+
; Latch Name                                          ; Latch Enable Signal ; Free of Timing Hazards ;
+-----------------------------------------------------+---------------------+------------------------+
; temp1[4]                                            ; Mux19               ; yes                    ;
; temp1[5]                                            ; Mux19               ; yes                    ;
; temp1[6]                                            ; Mux19               ; yes                    ;
; temp1[7]                                            ; Mux19               ; yes                    ;
; out[4]$latch                                        ; Mux19               ; yes                    ;
; out[5]$latch                                        ; Mux19               ; yes                    ;
; out[6]$latch                                        ; Mux19               ; yes                    ;
; out[7]$latch                                        ; Mux19               ; yes                    ;
; out[8]$latch                                        ; Mux19               ; yes                    ;
; out[9]$latch                                        ; Mux19               ; yes                    ;
; out[10]$latch                                       ; Mux19               ; yes                    ;
; out[11]$latch                                       ; Mux19               ; yes                    ;
; out[12]$latch                                       ; Mux19               ; yes                    ;
; out[13]$latch                                       ; Mux19               ; yes                    ;
; out[14]$latch                                       ; Mux19               ; yes                    ;
; out[15]$latch                                       ; Mux19               ; yes                    ;
; Number of user-specified and inferred latches = 16  ;                     ;                        ;
+-----------------------------------------------------+---------------------+------------------------+
Note: All latches listed above may not be present at the end of synthesis due to various synthesis optimizations.


+------------------------------------------------------+
; General Register Statistics                          ;
+----------------------------------------------+-------+
; Statistic                                    ; Value ;
+----------------------------------------------+-------+
; Total registers                              ; 85    ;
; Number of registers using Synchronous Clear  ; 32    ;
; Number of registers using Synchronous Load   ; 0     ;
; Number of registers using Asynchronous Clear ; 0     ;
; Number of registers using Asynchronous Load  ; 0     ;
; Number of registers using Clock Enable       ; 80    ;
; Number of registers using Preset             ; 0     ;
+----------------------------------------------+-------+


+--------------------------------------------------+
; Inverted Register Statistics                     ;
+----------------------------------------+---------+
; Inverted Register                      ; Fan out ;
+----------------------------------------+---------+
; state[1]                               ; 26      ;
; judge                                  ; 5       ;
; Total number of inverted registers = 2 ;         ;
+----------------------------------------+---------+


+------------------------------------------------------------------------------------------------------------------------------------------+
; Multiplexer Restructuring Statistics (Restructuring Performed)                                                                           ;
+--------------------+-----------+---------------+----------------------+------------------------+------------+----------------------------+
; Multiplexer Inputs ; Bus Width ; Baseline Area ; Area if Restructured ; Saving if Restructured ; Registered ; Example Multiplexer Output ;
+--------------------+-----------+---------------+----------------------+------------------------+------------+----------------------------+
; 3:1                ; 32 bits   ; 64 LEs        ; 64 LEs               ; 0 LEs                  ; Yes        ; |Move|b[27]                ;
; 7:1                ; 32 bits   ; 128 LEs       ; 32 LEs               ; 96 LEs                 ; Yes        ; |Move|a[4]                 ;
; 11:1               ; 8 bits    ; 56 LEs        ; 16 LEs               ; 40 LEs                 ; Yes        ; |Move|buffer[6]            ;
; 13:1               ; 4 bits    ; 32 LEs        ; 8 LEs                ; 24 LEs                 ; Yes        ; |Move|buffer[13]           ;
; 16:1               ; 2 bits    ; 20 LEs        ; 12 LEs               ; 8 LEs                  ; Yes        ; |Move|state[0]             ;
; 5:1                ; 16 bits   ; 48 LEs        ; 32 LEs               ; 16 LEs                 ; No         ; |Move|Mux37                ;
+--------------------+-----------+---------------+----------------------+------------------------+------------+----------------------------+


+----------------------------------------------------------------------+
; Parameter Settings for User Entity Instance: Top-level Entity: |Move ;
+----------------+-------+---------------------------------------------+
; Parameter Name ; Value ; Type                                        ;
+----------------+-------+---------------------------------------------+
; S0             ; 0     ; Signed Integer                              ;
; S1             ; 1     ; Signed Integer                              ;
; S2             ; 2     ; Signed Integer                              ;
; S3             ; 3     ; Signed Integer                              ;
; S4             ; 4     ; Signed Integer                              ;
+----------------+-------+---------------------------------------------+
Note: In order to hide this table in the UI and the text report file, please set the "Show Parameter Settings in Synthesis Report" option in "Analysis and Synthesis Settings -> More Settings" to "Off".


+-------------------------------+
; Elapsed Time Per Partition    ;
+----------------+--------------+
; Partition Name ; Elapsed Time ;
+----------------+--------------+
; Top            ; 00:00:00     ;
+----------------+--------------+


+-------------------------------+
; Analysis & Synthesis Messages ;
+-------------------------------+
Info: *******************************************************************
Info: Running Quartus II 64-Bit Analysis & Synthesis
    Info: Version 13.0.0 Build 156 04/24/2013 SJ Full Version
    Info: Processing started: Thu Jun 07 19:18:13 2018
Info: Command: quartus_map --read_settings_files=on --write_settings_files=off project2 -c project2
Info (11104): Parallel Compilation has detected 4 hyper-threaded processors. However, the extra hyper-threaded processors will not be used by default. Parallel Compilation will use 2 of the 2 physical processors detected instead.
Info (12021): Found 1 design units, including 1 entities, in source file fredivider1.v
    Info (12023): Found entity 1: fredivider1
Info (12021): Found 1 design units, including 1 entities, in source file fredivider2.v
    Info (12023): Found entity 1: fredivider2
Info (12021): Found 1 design units, including 1 entities, in source file sweepkeyboard.v
    Info (12023): Found entity 1: sweepkeyboard
Info (12021): Found 1 design units, including 1 entities, in source file acceptsignal.v
    Info (12023): Found entity 1: acceptsignal
Info (12021): Found 1 design units, including 1 entities, in source file judgewhichkey.v
    Info (12023): Found entity 1: judgewhichkey
Info (12021): Found 1 design units, including 1 entities, in source file mux4bit41.v
    Info (12023): Found entity 1: Mux4bit41
Info (12021): Found 1 design units, including 1 entities, in source file displaydecoder.v
    Info (12023): Found entity 1: displaydecoder
Info (12021): Found 1 design units, including 1 entities, in source file mul2.v
    Info (12023): Found entity 1: mul2
Info (12021): Found 1 design units, including 1 entities, in source file minus1.v
    Info (12023): Found entity 1: minus1
Info (12021): Found 1 design units, including 1 entities, in source file twofourdecoder.v
    Info (12023): Found entity 1: twofourdecoder
Info (12021): Found 1 design units, including 1 entities, in source file sweepdisplay.v
    Info (12023): Found entity 1: sweepdisplay
Info (12021): Found 1 design units, including 1 entities, in source file twobitcounter.v
    Info (12023): Found entity 1: twobitcounter
Info (12021): Found 1 design units, including 1 entities, in source file fredivider3.v
    Info (12023): Found entity 1: fredivider3
Info (12021): Found 1 design units, including 1 entities, in source file final.v
    Info (12023): Found entity 1: Final
Warning (10229): Verilog HDL Expression warning at Move.v(173): truncated literal to match 16 bits
Info (12021): Found 1 design units, including 1 entities, in source file move.v
    Info (12023): Found entity 1: Move
Info (12021): Found 1 design units, including 1 entities, in source file jwk_tb.v
    Info (12023): Found entity 1: jwk_tb
Info (12021): Found 1 design units, including 1 entities, in source file mov_tb.v
    Info (12023): Found entity 1: mov_tb
Warning (10229): Verilog HDL Expression warning at Move_state.v(171): truncated literal to match 16 bits
Info (12021): Found 1 design units, including 1 entities, in source file output_files/move_state.v
    Info (12023): Found entity 1: Move_state
Warning (10236): Verilog HDL Implicit Net warning at judgewhichkey.v(10): created implicit net for "B"
Info (12127): Elaborating entity "Move" for the top level hierarchy
Warning (10230): Verilog HDL assignment warning at Move.v(48): truncated value with size 32 to match size of target (3)
Warning (10230): Verilog HDL assignment warning at Move.v(63): truncated value with size 32 to match size of target (3)
Warning (10230): Verilog HDL assignment warning at Move.v(71): truncated value with size 32 to match size of target (3)
Warning (10230): Verilog HDL assignment warning at Move.v(76): truncated value with size 32 to match size of target (3)
Warning (10230): Verilog HDL assignment warning at Move.v(87): truncated value with size 32 to match size of target (3)
Warning (10230): Verilog HDL assignment warning at Move.v(95): truncated value with size 32 to match size of target (3)
Warning (10230): Verilog HDL assignment warning at Move.v(115): truncated value with size 32 to match size of target (3)
Warning (10230): Verilog HDL assignment warning at Move.v(122): truncated value with size 32 to match size of target (3)
Warning (10230): Verilog HDL assignment warning at Move.v(128): truncated value with size 32 to match size of target (3)
Warning (10230): Verilog HDL assignment warning at Move.v(137): truncated value with size 32 to match size of target (3)
Warning (10230): Verilog HDL assignment warning at Move.v(141): truncated value with size 32 to match size of target (3)
Warning (10230): Verilog HDL assignment warning at Move.v(145): truncated value with size 32 to match size of target (3)
Warning (10230): Verilog HDL assignment warning at Move.v(149): truncated value with size 32 to match size of target (3)
Warning (10230): Verilog HDL assignment warning at Move.v(153): truncated value with size 32 to match size of target (3)
Warning (10235): Verilog HDL Always Construct warning at Move.v(169): variable "buffer" is read inside the Always Construct but isn't in the Always Construct's Event Control
Warning (10235): Verilog HDL Always Construct warning at Move.v(177): variable "buffer" is read inside the Always Construct but isn't in the Always Construct's Event Control
Warning (10270): Verilog HDL Case Statement warning at Move.v(162): incomplete case statement has no default case item
Warning (10240): Verilog HDL Always Construct warning at Move.v(160): inferring latch(es) for variable "out", which holds its previous value in one or more paths through the always construct
Info (10041): Inferred latch for "out[0]" at Move.v(160)
Info (10041): Inferred latch for "out[1]" at Move.v(160)
Info (10041): Inferred latch for "out[2]" at Move.v(160)
Info (10041): Inferred latch for "out[3]" at Move.v(160)
Info (10041): Inferred latch for "out[4]" at Move.v(160)
Info (10041): Inferred latch for "out[5]" at Move.v(160)
Info (10041): Inferred latch for "out[6]" at Move.v(160)
Info (10041): Inferred latch for "out[7]" at Move.v(160)
Info (10041): Inferred latch for "out[8]" at Move.v(160)
Info (10041): Inferred latch for "out[9]" at Move.v(160)
Info (10041): Inferred latch for "out[10]" at Move.v(160)
Info (10041): Inferred latch for "out[11]" at Move.v(160)
Info (10041): Inferred latch for "out[12]" at Move.v(160)
Info (10041): Inferred latch for "out[13]" at Move.v(160)
Info (10041): Inferred latch for "out[14]" at Move.v(160)
Info (10041): Inferred latch for "out[15]" at Move.v(160)
Info (12128): Elaborating entity "mul2" for hierarchy "mul2:MUL2"
Info (12128): Elaborating entity "minus1" for hierarchy "minus1:MINUS1"
Warning (13012): Latch temp1[4] has unsafe behavior
    Warning (13013): Ports D and ENA on the latch are fed by the same signal state[1]
Warning (13012): Latch temp1[5] has unsafe behavior
    Warning (13013): Ports D and ENA on the latch are fed by the same signal state[1]
Warning (13012): Latch temp1[6] has unsafe behavior
    Warning (13013): Ports D and ENA on the latch are fed by the same signal state[1]
Warning (13012): Latch temp1[7] has unsafe behavior
    Warning (13013): Ports D and ENA on the latch are fed by the same signal state[1]
Warning (13012): Latch out[4]$latch has unsafe behavior
    Warning (13013): Ports D and ENA on the latch are fed by the same signal state[1]
Warning (13012): Latch out[5]$latch has unsafe behavior
    Warning (13013): Ports D and ENA on the latch are fed by the same signal state[1]
Warning (13012): Latch out[6]$latch has unsafe behavior
    Warning (13013): Ports D and ENA on the latch are fed by the same signal state[1]
Warning (13012): Latch out[7]$latch has unsafe behavior
    Warning (13013): Ports D and ENA on the latch are fed by the same signal state[1]
Warning (13012): Latch out[8]$latch has unsafe behavior
    Warning (13013): Ports D and ENA on the latch are fed by the same signal state[1]
Warning (13012): Latch out[9]$latch has unsafe behavior
    Warning (13013): Ports D and ENA on the latch are fed by the same signal state[1]
Warning (13012): Latch out[10]$latch has unsafe behavior
    Warning (13013): Ports D and ENA on the latch are fed by the same signal state[1]
Warning (13012): Latch out[11]$latch has unsafe behavior
    Warning (13013): Ports D and ENA on the latch are fed by the same signal state[1]
Warning (13012): Latch out[12]$latch has unsafe behavior
    Warning (13013): Ports D and ENA on the latch are fed by the same signal state[1]
Warning (13012): Latch out[13]$latch has unsafe behavior
    Warning (13013): Ports D and ENA on the latch are fed by the same signal state[1]
Warning (13012): Latch out[14]$latch has unsafe behavior
    Warning (13013): Ports D and ENA on the latch are fed by the same signal state[1]
Warning (13012): Latch out[15]$latch has unsafe behavior
    Warning (13013): Ports D and ENA on the latch are fed by the same signal state[1]
Info (144001): Generated suppressed messages file C:/Users/apple1/Desktop/project2/output_files/project2.map.smsg
Info (16010): Generating hard_block partition "hard_block:auto_generated_inst"
    Info (16011): Adding 0 node(s), including 0 DDIO, 0 PLL, 0 transceiver and 0 LCELL
Info (21057): Implemented 266 device resources after synthesis - the final resource count might be different
    Info (21058): Implemented 6 input pins
    Info (21059): Implemented 16 output pins
    Info (21061): Implemented 244 logic cells
Info: Quartus II 64-Bit Analysis & Synthesis was successful. 0 errors, 53 warnings
    Info: Peak virtual memory: 455 megabytes
    Info: Processing ended: Thu Jun 07 19:18:15 2018
    Info: Elapsed time: 00:00:02
    Info: Total CPU time (on all processors): 00:00:02


+------------------------------------------+
; Analysis & Synthesis Suppressed Messages ;
+------------------------------------------+
The suppressed messages can be found in C:/Users/apple1/Desktop/project2/output_files/project2.map.smsg.


