Flow report for project2
Thu Jun 07 19:18:24 2018
Quartus II 64-Bit Version 13.0.0 Build 156 04/24/2013 SJ Full Version


---------------------
; Table of Contents ;
---------------------
  1. Legal Notice
  2. Flow Summary
  3. Flow Settings
  4. Flow Non-Default Global Settings
  5. Flow Elapsed Time
  6. Flow OS Summary
  7. Flow Log
  8. Flow Messages
  9. Flow Suppressed Messages



----------------
; Legal Notice ;
----------------
Copyright (C) 1991-2013 Altera Corporation
Your use of Altera Corporation's design tools, logic functions 
and other software and tools, and its AMPP partner logic 
functions, and any output files from any of the foregoing 
(including device programming or simulation files), and any 
associated documentation or information are expressly subject 
to the terms and conditions of the Altera Program License 
Subscription Agreement, Altera MegaCore Function License 
Agreement, or other applicable license agreement, including, 
without limitation, that your use is for the sole purpose of 
programming logic devices manufactured by Altera and sold by 
Altera or its authorized distributors.  Please refer to the 
applicable agreement for further details.



+----------------------------------------------------------------------------------+
; Flow Summary                                                                     ;
+------------------------------------+---------------------------------------------+
; Flow Status                        ; Successful - Thu Jun 07 19:18:24 2018       ;
; Quartus II 64-Bit Version          ; 13.0.0 Build 156 04/24/2013 SJ Full Version ;
; Revision Name                      ; project2                                    ;
; Top-level Entity Name              ; Move                                        ;
; Family                             ; Cyclone II                                  ;
; Device                             ; EP2C5Q208C8                                 ;
; Timing Models                      ; Final                                       ;
; Total logic elements               ; 244 / 4,608 ( 5 % )                         ;
;     Total combinational functions  ; 244 / 4,608 ( 5 % )                         ;
;     Dedicated logic registers      ; 85 / 4,608 ( 2 % )                          ;
; Total registers                    ; 85                                          ;
; Total pins                         ; 22 / 142 ( 15 % )                           ;
; Total virtual pins                 ; 0                                           ;
; Total memory bits                  ; 0 / 119,808 ( 0 % )                         ;
; Embedded Multiplier 9-bit elements ; 0 / 26 ( 0 % )                              ;
; Total PLLs                         ; 0 / 2 ( 0 % )                               ;
+------------------------------------+---------------------------------------------+


+-----------------------------------------+
; Flow Settings                           ;
+-------------------+---------------------+
; Option            ; Setting             ;
+-------------------+---------------------+
; Start date & time ; 06/07/2018 19:18:14 ;
; Main task         ; Compilation         ;
; Revision Name     ; project2            ;
+-------------------+---------------------+


+-----------------------------------------------------------------------------------------------------------------------------+
; Flow Non-Default Global Settings                                                                                            ;
+--------------------------------------+---------------------------------------+---------------+-------------+----------------+
; Assignment Name                      ; Value                                 ; Default Value ; Entity Name ; Section Id     ;
+--------------------------------------+---------------------------------------+---------------+-------------+----------------+
; COMPILER_SIGNATURE_ID                ; 169331898910405.152837029306980       ; --            ; --          ; --             ;
; EDA_DESIGN_INSTANCE_NAME             ; NA                                    ; --            ; --          ; jwk_tb         ;
; EDA_DESIGN_INSTANCE_NAME             ; NA                                    ; --            ; --          ; mov_tb         ;
; EDA_GENERATE_FUNCTIONAL_NETLIST      ; On                                    ; --            ; --          ; eda_simulation ;
; EDA_NATIVELINK_SIMULATION_TEST_BENCH ; mov_tb                                ; --            ; --          ; eda_simulation ;
; EDA_OUTPUT_DATA_FORMAT               ; Verilog Hdl                           ; --            ; --          ; eda_simulation ;
; EDA_RUN_TOOL_AUTOMATICALLY           ; On                                    ; --            ; --          ; eda_simulation ;
; EDA_SIMULATION_TOOL                  ; ModelSim-Altera (Verilog)             ; <None>        ; --          ; --             ;
; EDA_TEST_BENCH_ENABLE_STATUS         ; TEST_BENCH_MODE                       ; --            ; --          ; eda_simulation ;
; EDA_TEST_BENCH_FILE                  ; jwk_tb.v                              ; --            ; --          ; jwk_tb         ;
; EDA_TEST_BENCH_FILE                  ; mov_tb.v                              ; --            ; --          ; mov_tb         ;
; EDA_TEST_BENCH_MODULE_NAME           ; jwk_tb                                ; --            ; --          ; jwk_tb         ;
; EDA_TEST_BENCH_MODULE_NAME           ; mov_tb                                ; --            ; --          ; mov_tb         ;
; EDA_TEST_BENCH_NAME                  ; jwk_tb                                ; --            ; --          ; eda_simulation ;
; EDA_TEST_BENCH_NAME                  ; mov_tb                                ; --            ; --          ; eda_simulation ;
; EDA_TIME_SCALE                       ; 10 ns                                 ; --            ; --          ; eda_simulation ;
; MAX_CORE_JUNCTION_TEMP               ; 85                                    ; --            ; --          ; --             ;
; MIN_CORE_JUNCTION_TEMP               ; 0                                     ; --            ; --          ; --             ;
; PARTITION_COLOR                      ; 16764057                              ; --            ; Move        ; Top            ;
; PARTITION_FITTER_PRESERVATION_LEVEL  ; PLACEMENT_AND_ROUTING                 ; --            ; Move        ; Top            ;
; PARTITION_NETLIST_TYPE               ; SOURCE                                ; --            ; Move        ; Top            ;
; POWER_BOARD_THERMAL_MODEL            ; None (CONSERVATIVE)                   ; --            ; --          ; --             ;
; POWER_PRESET_COOLING_SOLUTION        ; 23 MM HEAT SINK WITH 200 LFPM AIRFLOW ; --            ; --          ; --             ;
; PROJECT_OUTPUT_DIRECTORY             ; output_files                          ; --            ; --          ; --             ;
; TOP_LEVEL_ENTITY                     ; Move                                  ; project2      ; --          ; --             ;
+--------------------------------------+---------------------------------------+---------------+-------------+----------------+


+-------------------------------------------------------------------------------------------------------------------------------+
; Flow Elapsed Time                                                                                                             ;
+---------------------------+--------------+-------------------------+---------------------+------------------------------------+
; Module Name               ; Elapsed Time ; Average Processors Used ; Peak Virtual Memory ; Total CPU Time (on all processors) ;
+---------------------------+--------------+-------------------------+---------------------+------------------------------------+
; Analysis & Synthesis      ; 00:00:02     ; 1.0                     ; 445 MB              ; 00:00:02                           ;
; Fitter                    ; 00:00:04     ; 1.0                     ; 779 MB              ; 00:00:05                           ;
; Assembler                 ; 00:00:01     ; 1.0                     ; 423 MB              ; 00:00:01                           ;
; TimeQuest Timing Analyzer ; 00:00:01     ; 1.0                     ; 417 MB              ; 00:00:01                           ;
; EDA Netlist Writer        ; 00:00:00     ; 1.0                     ; 381 MB              ; 00:00:00                           ;
; Total                     ; 00:00:08     ; --                      ; --                  ; 00:00:09                           ;
+---------------------------+--------------+-------------------------+---------------------+------------------------------------+


+----------------------------------------------------------------------------------------+
; Flow OS Summary                                                                        ;
+---------------------------+------------------+-----------+------------+----------------+
; Module Name               ; Machine Hostname ; OS Name   ; OS Version ; Processor type ;
+---------------------------+------------------+-----------+------------+----------------+
; Analysis & Synthesis      ; apple            ; Windows 7 ; 6.2        ; x86_64         ;
; Fitter                    ; apple            ; Windows 7 ; 6.2        ; x86_64         ;
; Assembler                 ; apple            ; Windows 7 ; 6.2        ; x86_64         ;
; TimeQuest Timing Analyzer ; apple            ; Windows 7 ; 6.2        ; x86_64         ;
; EDA Netlist Writer        ; apple            ; Windows 7 ; 6.2        ; x86_64         ;
+---------------------------+------------------+-----------+------------+----------------+


------------
; Flow Log ;
------------
quartus_map --read_settings_files=on --write_settings_files=off project2 -c project2
quartus_fit --read_settings_files=off --write_settings_files=off project2 -c project2
quartus_asm --read_settings_files=off --write_settings_files=off project2 -c project2
quartus_sta project2 -c project2
quartus_eda --read_settings_files=off --write_settings_files=off project2 -c project2



